2024-09-05 05:16:04.152 [info] [main] ログ レベル: Info
2024-09-05 05:16:04.152 [info] [main] Git の検証が検出されました: "git"
2024-09-05 05:16:04.152 [info] [main] "git" から Git "2.46.0" を使用しています
2024-09-05 05:16:04.153 [info] [Model][doInitialScan] Initial repository scan started
2024-09-05 05:16:04.153 [info] > git rev-parse --show-toplevel [287ms]
2024-09-05 05:16:04.153 [info] > git rev-parse --git-dir --git-common-dir [138ms]
2024-09-05 05:16:04.153 [info] [Model][openRepository] Opened repository: /home/vscode
2024-09-05 05:16:04.153 [info] > git config --get commit.template [486ms]
2024-09-05 05:16:04.177 [info] [Git][getRemotes] No remotes found in the git config file
2024-09-05 05:16:04.193 [info] > git for-each-ref --format=%(refname)%00%(upstream:short)%00%(objectname)%00%(upstream:track)%00%(upstream:remotename)%00%(upstream:remoteref) refs/heads/main refs/remotes/main [17ms]
2024-09-05 05:16:04.194 [warning] [Git][getBranch] No such branch: main
2024-09-05 05:16:04.251 [info] > git rev-parse --show-toplevel [61ms]
2024-09-05 05:16:04.410 [info] > git status -z -uall [185ms]
2024-09-05 05:16:04.411 [info] > git rev-parse --show-toplevel [134ms]
2024-09-05 05:16:05.990 [info] > git for-each-ref --format=%(refname)%00%(upstream:short)%00%(objectname)%00%(upstream:track)%00%(upstream:remotename)%00%(upstream:remoteref) refs/heads/main refs/remotes/main [1532ms]
2024-09-05 05:16:05.990 [warning] [Git][getBranch] No such branch: main
2024-09-05 05:16:06.058 [info] > git config --get commit.template [341ms]
2024-09-05 05:16:06.059 [info] > git rev-parse --show-toplevel [397ms]
2024-09-05 05:16:06.121 [info] [Git][getRemotes] No remotes found in the git config file
2024-09-05 05:16:06.132 [info] > git for-each-ref --format=%(refname)%00%(upstream:short)%00%(objectname)%00%(upstream:track)%00%(upstream:remotename)%00%(upstream:remoteref) refs/heads/main refs/remotes/main [11ms]
2024-09-05 05:16:06.133 [warning] [Git][getBranch] No such branch: main
2024-09-05 05:16:06.137 [info] > git rev-parse --show-toplevel [23ms]
2024-09-05 05:16:06.286 [info] > git status -z -uall [149ms]
2024-09-05 05:16:06.293 [info] > git rev-parse --git-dir --git-common-dir [110ms]
2024-09-05 05:16:06.325 [info] [Model][openRepository] Opened repository: /home/vscode/.nodenv
2024-09-05 05:16:06.534 [info] > git for-each-ref --format=%(refname)%00%(upstream:short)%00%(objectname)%00%(upstream:track)%00%(upstream:remotename)%00%(upstream:remoteref) refs/heads/main refs/remotes/main [139ms]
2024-09-05 05:16:06.534 [warning] [Git][getBranch] No such branch: main
2024-09-05 05:16:07.887 [info] > git rev-parse --show-toplevel [1353ms]
2024-09-05 05:16:07.887 [info] > git config --get commit.template [1396ms]
2024-09-05 05:16:08.288 [info] > git rev-parse --git-dir --git-common-dir [41ms]
2024-09-05 05:16:08.298 [info] [Model][openRepository] Opened repository: /home/vscode/.oh-my-zsh
2024-09-05 05:16:08.409 [info] > git for-each-ref --format=%(refname)%00%(upstream:short)%00%(objectname)%00%(upstream:track)%00%(upstream:remotename)%00%(upstream:remoteref) refs/heads/main refs/remotes/main [123ms]
2024-09-05 05:16:08.608 [warning] [Git][revParse] Unable to read file: ENOENT: no such file or directory, open '/home/vscode/.nodenv/.git/refs/remotes/origin/main'
2024-09-05 05:16:08.615 [info] > git rev-parse --show-toplevel [214ms]
2024-09-05 05:16:08.615 [info] > git config --get commit.template [258ms]
2024-09-05 05:16:08.617 [info] > git rev-parse refs/remotes/origin/main [12ms]
2024-09-05 05:16:08.718 [info] > git for-each-ref --format=%(refname)%00%(upstream:short)%00%(objectname)%00%(upstream:track)%00%(upstream:remotename)%00%(upstream:remoteref) refs/heads/master refs/remotes/master [68ms]
2024-09-05 05:16:08.720 [info] > git rev-parse --show-toplevel [28ms]
2024-09-05 05:16:08.730 [warning] [Git][revParse] Unable to read file: ENOENT: no such file or directory, open '/home/vscode/.oh-my-zsh/.git/refs/remotes/origin/master'
2024-09-05 05:16:09.038 [info] > git status -z -uall [399ms]
2024-09-05 05:16:09.115 [info] > git for-each-ref --format=%(refname)%00%(upstream:short)%00%(objectname)%00%(upstream:track)%00%(upstream:remotename)%00%(upstream:remoteref) refs/heads/main refs/remotes/main [42ms]
2024-09-05 05:16:09.161 [info] > git rev-parse --show-toplevel [387ms]
2024-09-05 05:16:09.162 [info] > git rev-parse refs/remotes/origin/master [432ms]
2024-09-05 05:16:09.223 [info] > git config --local branch.main.vscode-merge-base [62ms]
2024-09-05 05:16:09.223 [warning] [Git][config] git config failed: Failed to execute git
2024-09-05 05:16:09.817 [info] > git reflog main --grep-reflog=branch: Created from *. [584ms]
2024-09-05 05:16:09.836 [info] > git rev-parse --git-dir --git-common-dir [618ms]
2024-09-05 05:16:09.854 [info] [Model][openRepository] Opened repository: /home/vscode/environment
2024-09-05 05:16:09.864 [info] [Model][doInitialScan] Initial repository scan completed - repositories (4), closed repositories (0), parent repositories (0), unsafe repositories (0)
2024-09-05 05:16:09.865 [info] > git config --get commit.template [662ms]
2024-09-05 05:16:09.901 [info] > git status -z -uall [734ms]
2024-09-05 05:16:09.901 [info] > git symbolic-ref --short refs/remotes/origin/HEAD [65ms]
2024-09-05 05:16:09.940 [info] > git config --get commit.template [38ms]
2024-09-05 05:16:10.166 [info] > git for-each-ref --format=%(refname)%00%(upstream:short)%00%(objectname)%00%(upstream:track)%00%(upstream:remotename)%00%(upstream:remoteref) refs/heads/main refs/remotes/main [236ms]
2024-09-05 05:16:10.170 [info] > git for-each-ref --format=%(refname)%00%(upstream:short)%00%(objectname)%00%(upstream:track)%00%(upstream:remotename)%00%(upstream:remoteref) refs/heads/origin/main refs/remotes/origin/main [254ms]
2024-09-05 05:16:10.454 [info] [Git][getRemotes] No remotes found in the git config file
2024-09-05 05:16:10.543 [warning] [Git][revParse] Unable to read file: ENOENT: no such file or directory, open '/home/vscode/.nodenv/.git/refs/remotes/origin/main'
2024-09-05 05:16:11.004 [info] > git config --local branch.main.vscode-merge-base origin/main [821ms]
2024-09-05 05:16:11.015 [info] > git config --local branch.main.github-pr-owner-number [861ms]
2024-09-05 05:16:11.027 [warning] [Git][config] git config failed: Failed to execute git
2024-09-05 05:16:11.060 [info] > git config --get commit.template [1063ms]
2024-09-05 05:16:11.061 [info] > git for-each-ref --format=%(refname)%00%(upstream:short)%00%(objectname)%00%(upstream:track)%00%(upstream:remotename)%00%(upstream:remoteref) refs/heads/master refs/remotes/master [1091ms]
2024-09-05 05:16:11.649 [info] > git config --local branch.master.vscode-merge-base [541ms]
2024-09-05 05:16:11.649 [warning] [Git][config] git config failed: Failed to execute git
2024-09-05 05:16:11.708 [info] > git config --local branch.main.remote [648ms]
2024-09-05 05:16:11.708 [warning] [Git][config] git config failed: Failed to execute git
2024-09-05 05:16:11.718 [info] > git rev-parse refs/remotes/origin/main [1175ms]
2024-09-05 05:16:11.719 [info] > git for-each-ref --format=%(refname)%00%(upstream:short)%00%(objectname)%00%(upstream:track)%00%(upstream:remotename)%00%(upstream:remoteref) refs/heads/main refs/remotes/main [1231ms]
2024-09-05 05:16:11.981 [info] > git status -z -uall [252ms]
2024-09-05 05:16:11.981 [info] > git config --local branch.main.merge [263ms]
2024-09-05 05:16:11.981 [warning] [Git][config] git config failed: Failed to execute git
2024-09-05 05:16:11.983 [info] > git config --get commit.template [367ms]
2024-09-05 05:16:12.245 [info] > git for-each-ref --format=%(refname)%00%(upstream:short)%00%(objectname)%00%(upstream:track)%00%(upstream:remotename)%00%(upstream:remoteref) refs/heads/master refs/remotes/master [512ms]
2024-09-05 05:16:12.246 [info] > git reflog master --grep-reflog=branch: Created from *. [538ms]
2024-09-05 05:16:12.411 [warning] [Git][revParse] Unable to read file: ENOENT: no such file or directory, open '/home/vscode/.oh-my-zsh/.git/refs/remotes/origin/master'
2024-09-05 05:16:12.469 [info] > git for-each-ref --format=%(refname)%00%(upstream:short)%00%(objectname)%00%(upstream:track)%00%(upstream:remotename)%00%(upstream:remoteref) refs/heads/main refs/remotes/main [144ms]
2024-09-05 05:16:12.501 [info] > git symbolic-ref --short refs/remotes/origin/HEAD [236ms]
2024-09-05 05:16:12.671 [info] > git config --local branch.main.vscode-merge-base [173ms]
2024-09-05 05:16:12.677 [warning] [Git][config] git config failed: Failed to execute git
2024-09-05 05:16:12.694 [info] > git config --get commit.template [255ms]
2024-09-05 05:16:12.696 [info] > git rev-parse refs/remotes/origin/master [285ms]
2024-09-05 05:16:12.719 [info] > git for-each-ref --format=%(refname)%00%(upstream:short)%00%(objectname)%00%(upstream:track)%00%(upstream:remotename)%00%(upstream:remoteref) refs/heads/main refs/remotes/main [336ms]
2024-09-05 05:16:12.720 [info] > git config --local branch.main.github-pr-owner-number [354ms]
2024-09-05 05:16:12.720 [warning] [Git][config] git config failed: Failed to execute git
2024-09-05 05:16:12.800 [warning] [Git][revParse] Unable to read file: ENOENT: no such file or directory, open '/home/vscode/.nodenv/.git/refs/remotes/origin/main'
2024-09-05 05:16:12.853 [info] > git reflog main --grep-reflog=branch: Created from *. [160ms]
2024-09-05 05:16:12.924 [info] > git for-each-ref --format=%(refname)%00%(upstream:short)%00%(objectname)%00%(upstream:track)%00%(upstream:remotename)%00%(upstream:remoteref) refs/heads/origin/master refs/remotes/origin/master [374ms]
2024-09-05 05:16:12.988 [info] [Git][getRemotes] No remotes found in the git config file
2024-09-05 05:16:13.046 [info] > git symbolic-ref --short refs/remotes/origin/HEAD [122ms]
2024-09-05 05:16:13.046 [info] fatal: ref refs/remotes/origin/HEAD is not a symbolic ref
2024-09-05 05:16:13.048 [info] > git rev-parse refs/remotes/origin/main [248ms]
2024-09-05 05:16:13.073 [info] > git config --local branch.main.remote [318ms]
2024-09-05 05:16:13.074 [warning] [Git][config] git config failed: Failed to execute git
2024-09-05 05:16:13.179 [info] > git for-each-ref --format=%(refname)%00%(upstream:short)%00%(objectname)%00%(upstream:track)%00%(upstream:remotename)%00%(upstream:remoteref) refs/heads/main refs/remotes/main [191ms]
2024-09-05 05:16:13.189 [info] > git config --local branch.master.vscode-merge-base origin/master [237ms]
2024-09-05 05:16:15.148 [info] > git status -z -uall [2429ms] (cancelled)
2024-09-05 05:16:15.148 [info] > git status -z -uall [2075ms]
2024-09-05 05:16:15.148 [info] > git status -z -uall [1959ms]
2024-09-05 05:16:15.248 [info] > git config --local branch.main.merge [2130ms]
2024-09-05 05:16:15.249 [warning] [Git][config] git config failed: Failed to execute git
2024-09-05 05:16:15.598 [info] > git merge-base refs/heads/main refs/remotes/origin/main [353ms]
2024-09-05 05:16:15.632 [info] > git for-each-ref --format=%(refname)%00%(upstream:short)%00%(objectname)%00%(upstream:track)%00%(upstream:remotename)%00%(upstream:remoteref) refs/heads/main refs/remotes/main [475ms]
2024-09-05 05:16:15.655 [info] > git config --get commit.template [508ms]
2024-09-05 05:16:15.656 [info] > git config --local branch.master.github-pr-owner-number [1343ms]
2024-09-05 05:16:15.656 [warning] [Git][config] git config failed: Failed to execute git
2024-09-05 05:16:16.217 [info] > git config --local branch.main.github-pr-owner-number [2903ms]
2024-09-05 05:16:16.217 [warning] [Git][config] git config failed: Failed to execute git
2024-09-05 05:16:17.106 [info] > git for-each-ref --format=%(refname)%00%(upstream:short)%00%(objectname)%00%(upstream:track)%00%(upstream:remotename)%00%(upstream:remoteref) refs/heads/main refs/remotes/main [604ms]
2024-09-05 05:16:17.135 [info] > git config --local branch.main.vscode-merge-base [1488ms]
2024-09-05 05:16:17.162 [info] > git rev-list --count --left-right refs/heads/main...refs/remotes/origin/main [1531ms]
2024-09-05 05:16:17.177 [info] > git config --get commit.template [1626ms]
2024-09-05 05:16:17.485 [info] > git config --local branch.main.vscode-merge-base [350ms]
2024-09-05 05:16:17.485 [warning] [Git][config] git config failed: Failed to execute git
2024-09-05 05:16:17.511 [info] [Git][getRemotes] No remotes found in the git config file
2024-09-05 05:16:17.706 [info] > git for-each-ref --format=%(refname)%00%(upstream:short)%00%(objectname)%00%(upstream:track)%00%(upstream:remotename)%00%(upstream:remoteref) refs/heads/master refs/remotes/master [498ms]
2024-09-05 05:16:17.740 [info] > git diff --name-status -z --diff-filter=ADMR a0089384b7c4e8fba66ebb90dad255311e49f44e...refs/remotes/origin/main [566ms]
2024-09-05 05:16:17.745 [info] > git for-each-ref --format=%(refname)%00%(upstream:short)%00%(objectname)%00%(upstream:track)%00%(upstream:remotename)%00%(upstream:remoteref) refs/heads/origin/main refs/remotes/origin/main [583ms]
2024-09-05 05:16:17.964 [warning] [Git][revParse] Unable to read file: ENOENT: no such file or directory, open '/home/vscode/.oh-my-zsh/.git/refs/remotes/origin/master'
2024-09-05 05:16:17.972 [info] > git for-each-ref --format=%(refname)%00%(upstream:short)%00%(objectname)%00%(upstream:track)%00%(upstream:remotename)%00%(upstream:remoteref) refs/heads/main refs/remotes/main [462ms]
2024-09-05 05:16:17.973 [warning] [Git][getBranch] No such branch: main
2024-09-05 05:16:17.997 [info] > git reflog main --grep-reflog=branch: Created from *. [499ms]
2024-09-05 05:16:18.056 [info] > git rev-parse refs/remotes/origin/master [93ms]
2024-09-05 05:16:18.069 [info] > git symbolic-ref --short refs/remotes/origin/HEAD [46ms]
2024-09-05 05:16:18.069 [info] fatal: ref refs/remotes/origin/HEAD is not a symbolic ref
2024-09-05 05:16:18.384 [info] > git status -z -uall [388ms]
2024-09-05 05:16:20.033 [info] > git status -z -uall [1966ms]
2024-09-05 05:16:20.034 [info] > git for-each-ref --format=%(refname)%00%(upstream:short)%00%(objectname)%00%(upstream:track)%00%(upstream:remotename)%00%(upstream:remoteref) refs/heads/main refs/remotes/main [1391ms]
2024-09-05 05:16:20.035 [warning] [Git][getBranch] No such branch: main
2024-09-05 05:16:25.920 [info] > git for-each-ref --format=%(refname)%00%(upstream:short)%00%(objectname)%00%(upstream:track)%00%(upstream:remotename)%00%(upstream:remoteref) refs/heads/master refs/remotes/master [5875ms]
2024-09-05 05:16:26.012 [info] > git merge-base refs/heads/master refs/remotes/origin/master [5961ms]
2024-09-05 05:16:26.041 [info] > git config --local branch.master.vscode-merge-base [100ms]
2024-09-05 05:16:26.081 [info] > git rev-list --count --left-right refs/heads/master...refs/remotes/origin/master [60ms]
2024-09-05 05:16:26.118 [info] > git for-each-ref --format=%(refname)%00%(upstream:short)%00%(objectname)%00%(upstream:track)%00%(upstream:remotename)%00%(upstream:remoteref) refs/heads/origin/master refs/remotes/origin/master [65ms]
2024-09-05 05:16:26.132 [info] > git diff --name-status -z --diff-filter=ADMR c10a99406a779606fe32eb9b824c90a91f95c842...refs/remotes/origin/master [16ms]
2024-09-05 05:16:29.410 [info] > git config --get commit.template [588ms]
2024-09-05 05:16:29.501 [info] [Git][getRemotes] No remotes found in the git config file
2024-09-05 05:16:29.557 [info] > git for-each-ref --format=%(refname)%00%(upstream:short)%00%(objectname)%00%(upstream:track)%00%(upstream:remotename)%00%(upstream:remoteref) refs/heads/main refs/remotes/main [56ms]
2024-09-05 05:16:29.558 [warning] [Git][getBranch] No such branch: main
2024-09-05 05:16:30.593 [info] > git status -z -uall [1015ms]
2024-09-05 05:16:32.203 [info] > git for-each-ref --format=%(refname)%00%(upstream:short)%00%(objectname)%00%(upstream:track)%00%(upstream:remotename)%00%(upstream:remoteref) refs/heads/main refs/remotes/main [1575ms]
2024-09-05 05:16:32.206 [warning] [Git][getBranch] No such branch: main
2024-09-05 05:16:35.779 [info] [Git][getRemotes] No remotes found in the git config file
2024-09-05 05:16:35.780 [info] > git config --get commit.template [5ms]
2024-09-05 05:16:35.781 [info] > git for-each-ref --format=%(refname)%00%(upstream:short)%00%(objectname)%00%(upstream:track)%00%(upstream:remotename)%00%(upstream:remoteref) refs/heads/main refs/remotes/main [2ms]
2024-09-05 05:16:35.781 [warning] [Git][getBranch] No such branch: main
2024-09-05 05:16:35.859 [info] > git status -z -uall [73ms]
2024-09-05 05:16:37.114 [info] > git for-each-ref --format=%(refname)%00%(upstream:short)%00%(objectname)%00%(upstream:track)%00%(upstream:remotename)%00%(upstream:remoteref) refs/heads/main refs/remotes/main [1229ms]
2024-09-05 05:16:37.114 [warning] [Git][getBranch] No such branch: main
2024-09-05 05:16:38.120 [info] > git config --get commit.template [2ms]
2024-09-05 05:16:38.127 [info] > git for-each-ref --format=%(refname)%00%(upstream:short)%00%(objectname)%00%(upstream:track)%00%(upstream:remotename)%00%(upstream:remoteref) refs/heads/main refs/remotes/main [2ms]
2024-09-05 05:16:38.131 [warning] [Git][revParse] Unable to read file: ENOENT: no such file or directory, open '/home/vscode/.nodenv/.git/refs/remotes/origin/main'
2024-09-05 05:16:38.133 [info] > git rev-parse refs/remotes/origin/main [2ms]
2024-09-05 05:16:38.146 [info] > git status -z -uall [9ms]
2024-09-05 05:16:38.153 [info] > git for-each-ref --format=%(refname)%00%(upstream:short)%00%(objectname)%00%(upstream:track)%00%(upstream:remotename)%00%(upstream:remoteref) refs/heads/main refs/remotes/main [2ms]
2024-09-05 05:16:38.160 [info] > git config --local branch.main.vscode-merge-base [1ms]
2024-09-05 05:16:38.166 [info] > git for-each-ref --format=%(refname)%00%(upstream:short)%00%(objectname)%00%(upstream:track)%00%(upstream:remotename)%00%(upstream:remoteref) refs/heads/origin/main refs/remotes/origin/main [2ms]
2024-09-05 05:16:41.019 [info] > git config --get commit.template [0ms]
2024-09-05 05:16:41.023 [info] [Git][getRemotes] No remotes found in the git config file
2024-09-05 05:16:41.025 [info] > git for-each-ref --format=%(refname)%00%(upstream:short)%00%(objectname)%00%(upstream:track)%00%(upstream:remotename)%00%(upstream:remoteref) refs/heads/main refs/remotes/main [2ms]
2024-09-05 05:16:41.025 [warning] [Git][getBranch] No such branch: main
2024-09-05 05:16:41.075 [info] > git status -z -uall [46ms]
2024-09-05 05:16:41.155 [info] > git for-each-ref --format=%(refname)%00%(upstream:short)%00%(objectname)%00%(upstream:track)%00%(upstream:remotename)%00%(upstream:remoteref) refs/heads/main refs/remotes/main [55ms]
2024-09-05 05:16:41.155 [warning] [Git][getBranch] No such branch: main
2024-09-05 05:16:46.162 [info] [Git][getRemotes] No remotes found in the git config file
2024-09-05 05:16:46.163 [info] > git config --get commit.template [6ms]
2024-09-05 05:16:46.163 [info] > git for-each-ref --format=%(refname)%00%(upstream:short)%00%(objectname)%00%(upstream:track)%00%(upstream:remotename)%00%(upstream:remoteref) refs/heads/main refs/remotes/main [1ms]
2024-09-05 05:16:46.163 [warning] [Git][getBranch] No such branch: main
2024-09-05 05:16:46.206 [info] > git status -z -uall [39ms]
2024-09-05 05:16:46.264 [info] > git for-each-ref --format=%(refname)%00%(upstream:short)%00%(objectname)%00%(upstream:track)%00%(upstream:remotename)%00%(upstream:remoteref) refs/heads/main refs/remotes/main [39ms]
2024-09-05 05:16:46.264 [warning] [Git][getBranch] No such branch: main
2024-09-05 05:16:51.269 [info] [Git][getRemotes] No remotes found in the git config file
2024-09-05 05:16:51.270 [info] > git config --get commit.template [6ms]
2024-09-05 05:16:51.271 [info] > git for-each-ref --format=%(refname)%00%(upstream:short)%00%(objectname)%00%(upstream:track)%00%(upstream:remotename)%00%(upstream:remoteref) refs/heads/main refs/remotes/main [2ms]
2024-09-05 05:16:51.271 [warning] [Git][getBranch] No such branch: main
2024-09-05 05:16:51.318 [info] > git status -z -uall [43ms]
2024-09-05 05:16:51.383 [info] > git for-each-ref --format=%(refname)%00%(upstream:short)%00%(objectname)%00%(upstream:track)%00%(upstream:remotename)%00%(upstream:remoteref) refs/heads/main refs/remotes/main [45ms]
2024-09-05 05:16:51.384 [warning] [Git][getBranch] No such branch: main
2024-09-05 05:16:56.408 [info] [Git][getRemotes] No remotes found in the git config file
2024-09-05 05:16:56.409 [info] > git config --get commit.template [9ms]
2024-09-05 05:16:56.410 [info] > git for-each-ref --format=%(refname)%00%(upstream:short)%00%(objectname)%00%(upstream:track)%00%(upstream:remotename)%00%(upstream:remoteref) refs/heads/main refs/remotes/main [2ms]
2024-09-05 05:16:56.410 [warning] [Git][getBranch] No such branch: main
2024-09-05 05:16:56.459 [info] > git status -z -uall [42ms]
2024-09-05 05:16:56.513 [info] > git for-each-ref --format=%(refname)%00%(upstream:short)%00%(objectname)%00%(upstream:track)%00%(upstream:remotename)%00%(upstream:remoteref) refs/heads/main refs/remotes/main [40ms]
2024-09-05 05:16:56.513 [warning] [Git][getBranch] No such branch: main
2024-09-05 05:17:02.364 [info] [Git][getRemotes] No remotes found in the git config file
2024-09-05 05:17:02.365 [info] > git config --get commit.template [6ms]
2024-09-05 05:17:02.366 [info] > git for-each-ref --format=%(refname)%00%(upstream:short)%00%(objectname)%00%(upstream:track)%00%(upstream:remotename)%00%(upstream:remoteref) refs/heads/main refs/remotes/main [2ms]
2024-09-05 05:17:02.366 [warning] [Git][getBranch] No such branch: main
2024-09-05 05:17:02.406 [info] > git status -z -uall [36ms]
2024-09-05 05:17:02.459 [info] > git for-each-ref --format=%(refname)%00%(upstream:short)%00%(objectname)%00%(upstream:track)%00%(upstream:remotename)%00%(upstream:remoteref) refs/heads/main refs/remotes/main [37ms]
2024-09-05 05:17:02.459 [warning] [Git][getBranch] No such branch: main
2024-09-05 05:17:07.464 [info] [Git][getRemotes] No remotes found in the git config file
2024-09-05 05:17:07.464 [info] > git config --get commit.template [5ms]
2024-09-05 05:17:07.465 [info] > git for-each-ref --format=%(refname)%00%(upstream:short)%00%(objectname)%00%(upstream:track)%00%(upstream:remotename)%00%(upstream:remoteref) refs/heads/main refs/remotes/main [1ms]
2024-09-05 05:17:07.465 [warning] [Git][getBranch] No such branch: main
2024-09-05 05:17:07.505 [info] > git status -z -uall [36ms]
2024-09-05 05:17:07.556 [info] > git for-each-ref --format=%(refname)%00%(upstream:short)%00%(objectname)%00%(upstream:track)%00%(upstream:remotename)%00%(upstream:remoteref) refs/heads/main refs/remotes/main [39ms]
2024-09-05 05:17:07.556 [warning] [Git][getBranch] No such branch: main
2024-09-05 05:17:12.568 [info] [Git][getRemotes] No remotes found in the git config file
2024-09-05 05:17:12.568 [info] > git config --get commit.template [6ms]
2024-09-05 05:17:12.569 [info] > git for-each-ref --format=%(refname)%00%(upstream:short)%00%(objectname)%00%(upstream:track)%00%(upstream:remotename)%00%(upstream:remoteref) refs/heads/main refs/remotes/main [1ms]
2024-09-05 05:17:12.569 [warning] [Git][getBranch] No such branch: main
2024-09-05 05:17:12.612 [info] > git status -z -uall [37ms]
2024-09-05 05:17:12.664 [info] > git for-each-ref --format=%(refname)%00%(upstream:short)%00%(objectname)%00%(upstream:track)%00%(upstream:remotename)%00%(upstream:remoteref) refs/heads/main refs/remotes/main [39ms]
2024-09-05 05:17:12.664 [warning] [Git][getBranch] No such branch: main
2024-09-05 05:17:17.674 [info] [Git][getRemotes] No remotes found in the git config file
2024-09-05 05:17:17.674 [info] > git config --get commit.template [5ms]
2024-09-05 05:17:17.675 [info] > git for-each-ref --format=%(refname)%00%(upstream:short)%00%(objectname)%00%(upstream:track)%00%(upstream:remotename)%00%(upstream:remoteref) refs/heads/main refs/remotes/main [2ms]
2024-09-05 05:17:17.675 [warning] [Git][getBranch] No such branch: main
2024-09-05 05:17:17.714 [info] > git status -z -uall [36ms]
2024-09-05 05:17:17.768 [info] > git for-each-ref --format=%(refname)%00%(upstream:short)%00%(objectname)%00%(upstream:track)%00%(upstream:remotename)%00%(upstream:remoteref) refs/heads/main refs/remotes/main [38ms]
2024-09-05 05:17:17.768 [warning] [Git][getBranch] No such branch: main
2024-09-05 05:17:22.774 [info] [Git][getRemotes] No remotes found in the git config file
2024-09-05 05:17:22.774 [info] > git config --get commit.template [6ms]
2024-09-05 05:17:22.775 [info] > git for-each-ref --format=%(refname)%00%(upstream:short)%00%(objectname)%00%(upstream:track)%00%(upstream:remotename)%00%(upstream:remoteref) refs/heads/main refs/remotes/main [2ms]
2024-09-05 05:17:22.775 [warning] [Git][getBranch] No such branch: main
2024-09-05 05:17:22.816 [info] > git status -z -uall [37ms]
2024-09-05 05:17:22.869 [info] > git for-each-ref --format=%(refname)%00%(upstream:short)%00%(objectname)%00%(upstream:track)%00%(upstream:remotename)%00%(upstream:remoteref) refs/heads/main refs/remotes/main [38ms]
2024-09-05 05:17:22.870 [warning] [Git][getBranch] No such branch: main
2024-09-05 05:17:29.483 [info] [Git][getRemotes] No remotes found in the git config file
2024-09-05 05:17:29.484 [info] > git config --get commit.template [6ms]
2024-09-05 05:17:29.484 [info] > git for-each-ref --format=%(refname)%00%(upstream:short)%00%(objectname)%00%(upstream:track)%00%(upstream:remotename)%00%(upstream:remoteref) refs/heads/main refs/remotes/main [1ms]
2024-09-05 05:17:29.485 [warning] [Git][getBranch] No such branch: main
2024-09-05 05:17:29.524 [info] > git status -z -uall [36ms]
2024-09-05 05:17:29.575 [info] > git for-each-ref --format=%(refname)%00%(upstream:short)%00%(objectname)%00%(upstream:track)%00%(upstream:remotename)%00%(upstream:remoteref) refs/heads/main refs/remotes/main [38ms]
2024-09-05 05:17:29.575 [warning] [Git][getBranch] No such branch: main
2024-09-05 05:17:43.970 [info] [Git][getRemotes] No remotes found in the git config file
2024-09-05 05:17:43.971 [info] > git config --get commit.template [4ms]
2024-09-05 05:17:43.972 [info] > git for-each-ref --format=%(refname)%00%(upstream:short)%00%(objectname)%00%(upstream:track)%00%(upstream:remotename)%00%(upstream:remoteref) refs/heads/main refs/remotes/main [1ms]
2024-09-05 05:17:43.972 [warning] [Git][getBranch] No such branch: main
2024-09-05 05:17:44.014 [info] > git status -z -uall [39ms]
2024-09-05 05:17:44.066 [info] > git for-each-ref --format=%(refname)%00%(upstream:short)%00%(objectname)%00%(upstream:track)%00%(upstream:remotename)%00%(upstream:remoteref) refs/heads/main refs/remotes/main [40ms]
2024-09-05 05:17:44.066 [warning] [Git][getBranch] No such branch: main
2024-09-05 05:17:47.617 [info] > git check-ignore -v -z --stdin [15ms]
2024-09-05 05:17:47.617 [info] > git check-ignore -v -z --stdin [11ms]
2024-09-05 05:17:47.617 [info] > git check-ignore -v -z --stdin [6ms]
2024-09-05 05:17:47.618 [info] > git check-ignore -v -z --stdin [3ms]
2024-09-05 05:17:49.077 [info] [Git][getRemotes] No remotes found in the git config file
2024-09-05 05:17:49.078 [info] > git config --get commit.template [6ms]
2024-09-05 05:17:49.078 [info] > git for-each-ref --format=%(refname)%00%(upstream:short)%00%(objectname)%00%(upstream:track)%00%(upstream:remotename)%00%(upstream:remoteref) refs/heads/main refs/remotes/main [1ms]
2024-09-05 05:17:49.078 [warning] [Git][getBranch] No such branch: main
2024-09-05 05:17:49.118 [info] > git status -z -uall [36ms]
2024-09-05 05:17:49.176 [info] > git for-each-ref --format=%(refname)%00%(upstream:short)%00%(objectname)%00%(upstream:track)%00%(upstream:remotename)%00%(upstream:remoteref) refs/heads/main refs/remotes/main [40ms]
2024-09-05 05:17:49.176 [warning] [Git][getBranch] No such branch: main
2024-09-05 05:17:54.179 [info] [Git][getRemotes] No remotes found in the git config file
2024-09-05 05:17:54.180 [info] > git config --get commit.template [6ms]
2024-09-05 05:17:54.181 [info] > git for-each-ref --format=%(refname)%00%(upstream:short)%00%(objectname)%00%(upstream:track)%00%(upstream:remotename)%00%(upstream:remoteref) refs/heads/main refs/remotes/main [2ms]
2024-09-05 05:17:54.181 [warning] [Git][getBranch] No such branch: main
2024-09-05 05:17:54.222 [info] > git status -z -uall [37ms]
2024-09-05 05:17:54.275 [info] > git for-each-ref --format=%(refname)%00%(upstream:short)%00%(objectname)%00%(upstream:track)%00%(upstream:remotename)%00%(upstream:remoteref) refs/heads/main refs/remotes/main [39ms]
2024-09-05 05:17:54.275 [warning] [Git][getBranch] No such branch: main
2024-09-05 05:17:59.293 [info] [Git][getRemotes] No remotes found in the git config file
2024-09-05 05:17:59.294 [info] > git config --get commit.template [8ms]
2024-09-05 05:17:59.296 [info] > git for-each-ref --format=%(refname)%00%(upstream:short)%00%(objectname)%00%(upstream:track)%00%(upstream:remotename)%00%(upstream:remoteref) refs/heads/main refs/remotes/main [3ms]
2024-09-05 05:17:59.296 [warning] [Git][getBranch] No such branch: main
2024-09-05 05:17:59.354 [info] > git status -z -uall [53ms]
2024-09-05 05:17:59.407 [info] > git for-each-ref --format=%(refname)%00%(upstream:short)%00%(objectname)%00%(upstream:track)%00%(upstream:remotename)%00%(upstream:remoteref) refs/heads/main refs/remotes/main [39ms]
2024-09-05 05:17:59.407 [warning] [Git][getBranch] No such branch: main
2024-09-05 05:18:00.328 [info] > git show --textconv :.zprofile [5ms]
2024-09-05 05:18:00.329 [info] > git ls-files --stage -- /home/vscode/.zprofile [2ms]
2024-09-05 05:18:04.419 [info] [Git][getRemotes] No remotes found in the git config file
2024-09-05 05:18:04.420 [info] > git for-each-ref --format=%(refname)%00%(upstream:short)%00%(objectname)%00%(upstream:track)%00%(upstream:remotename)%00%(upstream:remoteref) refs/heads/main refs/remotes/main [2ms]
2024-09-05 05:18:04.420 [warning] [Git][getBranch] No such branch: main
2024-09-05 05:18:04.420 [info] > git config --get commit.template [7ms]
2024-09-05 05:18:04.461 [info] > git status -z -uall [37ms]
2024-09-05 05:18:04.523 [info] > git for-each-ref --format=%(refname)%00%(upstream:short)%00%(objectname)%00%(upstream:track)%00%(upstream:remotename)%00%(upstream:remoteref) refs/heads/main refs/remotes/main [39ms]
2024-09-05 05:18:04.523 [warning] [Git][getBranch] No such branch: main
2024-09-05 05:18:14.705 [info] [Git][getRemotes] No remotes found in the git config file
2024-09-05 05:18:14.706 [info] > git config --get commit.template [6ms]
2024-09-05 05:18:14.707 [info] > git for-each-ref --format=%(refname)%00%(upstream:short)%00%(objectname)%00%(upstream:track)%00%(upstream:remotename)%00%(upstream:remoteref) refs/heads/main refs/remotes/main [2ms]
2024-09-05 05:18:14.707 [warning] [Git][getBranch] No such branch: main
2024-09-05 05:18:14.746 [info] > git status -z -uall [36ms]
2024-09-05 05:18:14.808 [info] > git for-each-ref --format=%(refname)%00%(upstream:short)%00%(objectname)%00%(upstream:track)%00%(upstream:remotename)%00%(upstream:remoteref) refs/heads/main refs/remotes/main [42ms]
2024-09-05 05:18:14.808 [warning] [Git][getBranch] No such branch: main
2024-09-05 05:18:19.819 [info] [Git][getRemotes] No remotes found in the git config file
2024-09-05 05:18:19.820 [info] > git config --get commit.template [6ms]
2024-09-05 05:18:19.821 [info] > git for-each-ref --format=%(refname)%00%(upstream:short)%00%(objectname)%00%(upstream:track)%00%(upstream:remotename)%00%(upstream:remoteref) refs/heads/main refs/remotes/main [2ms]
2024-09-05 05:18:19.821 [warning] [Git][getBranch] No such branch: main
2024-09-05 05:18:19.865 [info] > git status -z -uall [40ms]
2024-09-05 05:18:19.922 [info] > git for-each-ref --format=%(refname)%00%(upstream:short)%00%(objectname)%00%(upstream:track)%00%(upstream:remotename)%00%(upstream:remoteref) refs/heads/main refs/remotes/main [43ms]
2024-09-05 05:18:19.922 [warning] [Git][getBranch] No such branch: main
2024-09-05 05:18:24.931 [info] [Git][getRemotes] No remotes found in the git config file
2024-09-05 05:18:24.932 [info] > git config --get commit.template [5ms]
2024-09-05 05:18:24.932 [info] > git for-each-ref --format=%(refname)%00%(upstream:short)%00%(objectname)%00%(upstream:track)%00%(upstream:remotename)%00%(upstream:remoteref) refs/heads/main refs/remotes/main [2ms]
2024-09-05 05:18:24.932 [warning] [Git][getBranch] No such branch: main
2024-09-05 05:18:24.978 [info] > git status -z -uall [42ms]
2024-09-05 05:18:25.042 [info] > git for-each-ref --format=%(refname)%00%(upstream:short)%00%(objectname)%00%(upstream:track)%00%(upstream:remotename)%00%(upstream:remoteref) refs/heads/main refs/remotes/main [43ms]
2024-09-05 05:18:25.042 [warning] [Git][getBranch] No such branch: main
2024-09-05 05:18:30.051 [info] [Git][getRemotes] No remotes found in the git config file
2024-09-05 05:18:30.052 [info] > git config --get commit.template [5ms]
2024-09-05 05:18:30.052 [info] > git for-each-ref --format=%(refname)%00%(upstream:short)%00%(objectname)%00%(upstream:track)%00%(upstream:remotename)%00%(upstream:remoteref) refs/heads/main refs/remotes/main [1ms]
2024-09-05 05:18:30.052 [warning] [Git][getBranch] No such branch: main
2024-09-05 05:18:30.092 [info] > git status -z -uall [36ms]
2024-09-05 05:18:30.139 [info] > git for-each-ref --format=%(refname)%00%(upstream:short)%00%(objectname)%00%(upstream:track)%00%(upstream:remotename)%00%(upstream:remoteref) refs/heads/main refs/remotes/main [35ms]
2024-09-05 05:18:30.139 [warning] [Git][getBranch] No such branch: main
2024-09-05 05:19:18.802 [info] [Git][getRemotes] No remotes found in the git config file
2024-09-05 05:19:18.803 [info] > git config --get commit.template [6ms]
2024-09-05 05:19:18.804 [info] > git for-each-ref --format=%(refname)%00%(upstream:short)%00%(objectname)%00%(upstream:track)%00%(upstream:remotename)%00%(upstream:remoteref) refs/heads/main refs/remotes/main [2ms]
2024-09-05 05:19:18.804 [warning] [Git][getBranch] No such branch: main
2024-09-05 05:19:18.854 [info] > git status -z -uall [46ms]
2024-09-05 05:19:18.923 [info] > git for-each-ref --format=%(refname)%00%(upstream:short)%00%(objectname)%00%(upstream:track)%00%(upstream:remotename)%00%(upstream:remoteref) refs/heads/main refs/remotes/main [49ms]
2024-09-05 05:19:18.924 [warning] [Git][getBranch] No such branch: main
2024-09-05 05:19:23.923 [info] [Git][getRemotes] No remotes found in the git config file
2024-09-05 05:19:23.927 [info] > git config --get commit.template [5ms]
2024-09-05 05:19:23.928 [info] > git for-each-ref --format=%(refname)%00%(upstream:short)%00%(objectname)%00%(upstream:track)%00%(upstream:remotename)%00%(upstream:remoteref) refs/heads/main refs/remotes/main [1ms]
2024-09-05 05:19:23.928 [warning] [Git][getBranch] No such branch: main
2024-09-05 05:19:23.967 [info] > git status -z -uall [35ms]
2024-09-05 05:19:24.024 [info] > git for-each-ref --format=%(refname)%00%(upstream:short)%00%(objectname)%00%(upstream:track)%00%(upstream:remotename)%00%(upstream:remoteref) refs/heads/main refs/remotes/main [39ms]
2024-09-05 05:19:24.024 [warning] [Git][getBranch] No such branch: main
2024-09-05 05:19:29.034 [info] [Git][getRemotes] No remotes found in the git config file
2024-09-05 05:19:29.034 [info] > git config --get commit.template [5ms]
2024-09-05 05:19:29.035 [info] > git for-each-ref --format=%(refname)%00%(upstream:short)%00%(objectname)%00%(upstream:track)%00%(upstream:remotename)%00%(upstream:remoteref) refs/heads/main refs/remotes/main [2ms]
2024-09-05 05:19:29.035 [warning] [Git][getBranch] No such branch: main
2024-09-05 05:19:29.076 [info] > git status -z -uall [38ms]
2024-09-05 05:19:29.128 [info] > git for-each-ref --format=%(refname)%00%(upstream:short)%00%(objectname)%00%(upstream:track)%00%(upstream:remotename)%00%(upstream:remoteref) refs/heads/main refs/remotes/main [39ms]
2024-09-05 05:19:29.128 [warning] [Git][getBranch] No such branch: main
2024-09-05 05:19:34.135 [info] [Git][getRemotes] No remotes found in the git config file
2024-09-05 05:19:34.136 [info] > git config --get commit.template [5ms]
2024-09-05 05:19:34.137 [info] > git for-each-ref --format=%(refname)%00%(upstream:short)%00%(objectname)%00%(upstream:track)%00%(upstream:remotename)%00%(upstream:remoteref) refs/heads/main refs/remotes/main [2ms]
2024-09-05 05:19:34.137 [warning] [Git][getBranch] No such branch: main
2024-09-05 05:19:34.180 [info] > git status -z -uall [40ms]
2024-09-05 05:19:34.240 [info] > git for-each-ref --format=%(refname)%00%(upstream:short)%00%(objectname)%00%(upstream:track)%00%(upstream:remotename)%00%(upstream:remoteref) refs/heads/main refs/remotes/main [43ms]
2024-09-05 05:19:34.241 [warning] [Git][getBranch] No such branch: main
2024-09-05 05:19:39.250 [info] [Git][getRemotes] No remotes found in the git config file
2024-09-05 05:19:39.250 [info] > git config --get commit.template [5ms]
2024-09-05 05:19:39.251 [info] > git for-each-ref --format=%(refname)%00%(upstream:short)%00%(objectname)%00%(upstream:track)%00%(upstream:remotename)%00%(upstream:remoteref) refs/heads/main refs/remotes/main [1ms]
2024-09-05 05:19:39.251 [warning] [Git][getBranch] No such branch: main
2024-09-05 05:19:39.294 [info] > git status -z -uall [40ms]
2024-09-05 05:19:39.350 [info] > git for-each-ref --format=%(refname)%00%(upstream:short)%00%(objectname)%00%(upstream:track)%00%(upstream:remotename)%00%(upstream:remoteref) refs/heads/main refs/remotes/main [40ms]
2024-09-05 05:19:39.350 [warning] [Git][getBranch] No such branch: main
2024-09-05 05:21:07.066 [info] [Git][getRemotes] No remotes found in the git config file
2024-09-05 05:21:07.067 [info] > git config --get commit.template [8ms]
2024-09-05 05:21:07.069 [info] > git for-each-ref --format=%(refname)%00%(upstream:short)%00%(objectname)%00%(upstream:track)%00%(upstream:remotename)%00%(upstream:remoteref) refs/heads/main refs/remotes/main [3ms]
2024-09-05 05:21:07.069 [warning] [Git][getBranch] No such branch: main
2024-09-05 05:21:07.113 [info] > git status -z -uall [40ms]
2024-09-05 05:21:07.170 [info] > git for-each-ref --format=%(refname)%00%(upstream:short)%00%(objectname)%00%(upstream:track)%00%(upstream:remotename)%00%(upstream:remoteref) refs/heads/main refs/remotes/main [40ms]
2024-09-05 05:21:07.171 [warning] [Git][getBranch] No such branch: main
2024-09-05 05:21:10.061 [info] > git config --local branch.master.github-pr-owner-number [4ms]
2024-09-05 05:21:10.061 [warning] [Git][config] git config failed: Failed to execute git
2024-09-05 05:21:10.061 [info] > git config --local branch.main.github-pr-owner-number [8ms]
2024-09-05 05:21:10.061 [warning] [Git][config] git config failed: Failed to execute git
2024-09-05 05:21:10.062 [info] > git config --local branch.main.github-pr-owner-number [13ms]
2024-09-05 05:21:10.062 [warning] [Git][config] git config failed: Failed to execute git
2024-09-05 05:21:10.062 [info] > git config --local branch.main.github-pr-owner-number [2ms]
2024-09-05 05:21:10.062 [warning] [Git][config] git config failed: Failed to execute git
2024-09-05 05:21:12.179 [info] [Git][getRemotes] No remotes found in the git config file
2024-09-05 05:21:12.180 [info] > git config --get commit.template [4ms]
2024-09-05 05:21:12.180 [info] > git for-each-ref --format=%(refname)%00%(upstream:short)%00%(objectname)%00%(upstream:track)%00%(upstream:remotename)%00%(upstream:remoteref) refs/heads/main refs/remotes/main [1ms]
2024-09-05 05:21:12.180 [warning] [Git][getBranch] No such branch: main
2024-09-05 05:21:12.221 [info] > git status -z -uall [37ms]
2024-09-05 05:21:12.274 [info] > git for-each-ref --format=%(refname)%00%(upstream:short)%00%(objectname)%00%(upstream:track)%00%(upstream:remotename)%00%(upstream:remoteref) refs/heads/main refs/remotes/main [39ms]
2024-09-05 05:21:12.274 [warning] [Git][getBranch] No such branch: main
2024-09-05 05:21:25.935 [info] [Git][getRemotes] No remotes found in the git config file
2024-09-05 05:21:25.936 [info] > git config --get commit.template [4ms]
2024-09-05 05:21:25.936 [info] > git for-each-ref --format=%(refname)%00%(upstream:short)%00%(objectname)%00%(upstream:track)%00%(upstream:remotename)%00%(upstream:remoteref) refs/heads/main refs/remotes/main [1ms]
2024-09-05 05:21:25.936 [warning] [Git][getBranch] No such branch: main
2024-09-05 05:21:25.977 [info] > git status -z -uall [37ms]
2024-09-05 05:21:26.030 [info] > git for-each-ref --format=%(refname)%00%(upstream:short)%00%(objectname)%00%(upstream:track)%00%(upstream:remotename)%00%(upstream:remoteref) refs/heads/main refs/remotes/main [40ms]
2024-09-05 05:21:26.030 [warning] [Git][getBranch] No such branch: main
2024-09-05 05:21:31.039 [info] [Git][getRemotes] No remotes found in the git config file
2024-09-05 05:21:31.040 [info] > git config --get commit.template [5ms]
2024-09-05 05:21:31.041 [info] > git for-each-ref --format=%(refname)%00%(upstream:short)%00%(objectname)%00%(upstream:track)%00%(upstream:remotename)%00%(upstream:remoteref) refs/heads/main refs/remotes/main [2ms]
2024-09-05 05:21:31.041 [warning] [Git][getBranch] No such branch: main
2024-09-05 05:21:31.089 [info] > git status -z -uall [45ms]
2024-09-05 05:21:31.146 [info] > git for-each-ref --format=%(refname)%00%(upstream:short)%00%(objectname)%00%(upstream:track)%00%(upstream:remotename)%00%(upstream:remoteref) refs/heads/main refs/remotes/main [39ms]
2024-09-05 05:21:31.146 [warning] [Git][getBranch] No such branch: main
2024-09-05 05:21:36.152 [info] [Git][getRemotes] No remotes found in the git config file
2024-09-05 05:21:36.152 [info] > git config --get commit.template [5ms]
2024-09-05 05:21:36.153 [info] > git for-each-ref --format=%(refname)%00%(upstream:short)%00%(objectname)%00%(upstream:track)%00%(upstream:remotename)%00%(upstream:remoteref) refs/heads/main refs/remotes/main [2ms]
2024-09-05 05:21:36.153 [warning] [Git][getBranch] No such branch: main
2024-09-05 05:21:36.192 [info] > git status -z -uall [36ms]
2024-09-05 05:21:36.248 [info] > git for-each-ref --format=%(refname)%00%(upstream:short)%00%(objectname)%00%(upstream:track)%00%(upstream:remotename)%00%(upstream:remoteref) refs/heads/main refs/remotes/main [40ms]
2024-09-05 05:21:36.248 [warning] [Git][getBranch] No such branch: main
2024-09-05 05:21:41.249 [info] [Git][getRemotes] No remotes found in the git config file
2024-09-05 05:21:41.250 [info] > git config --get commit.template [5ms]
2024-09-05 05:21:41.251 [info] > git for-each-ref --format=%(refname)%00%(upstream:short)%00%(objectname)%00%(upstream:track)%00%(upstream:remotename)%00%(upstream:remoteref) refs/heads/main refs/remotes/main [2ms]
2024-09-05 05:21:41.251 [warning] [Git][getBranch] No such branch: main
2024-09-05 05:21:41.300 [info] > git status -z -uall [46ms]
2024-09-05 05:21:41.355 [info] > git for-each-ref --format=%(refname)%00%(upstream:short)%00%(objectname)%00%(upstream:track)%00%(upstream:remotename)%00%(upstream:remoteref) refs/heads/main refs/remotes/main [42ms]
2024-09-05 05:21:41.356 [warning] [Git][getBranch] No such branch: main
2024-09-05 05:21:46.364 [info] [Git][getRemotes] No remotes found in the git config file
2024-09-05 05:21:46.365 [info] > git config --get commit.template [5ms]
2024-09-05 05:21:46.366 [info] > git for-each-ref --format=%(refname)%00%(upstream:short)%00%(objectname)%00%(upstream:track)%00%(upstream:remotename)%00%(upstream:remoteref) refs/heads/main refs/remotes/main [2ms]
2024-09-05 05:21:46.366 [warning] [Git][getBranch] No such branch: main
2024-09-05 05:21:46.407 [info] > git status -z -uall [38ms]
2024-09-05 05:21:46.480 [info] > git for-each-ref --format=%(refname)%00%(upstream:short)%00%(objectname)%00%(upstream:track)%00%(upstream:remotename)%00%(upstream:remoteref) refs/heads/main refs/remotes/main [59ms]
2024-09-05 05:21:46.480 [warning] [Git][getBranch] No such branch: main
2024-09-05 05:21:51.490 [info] [Git][getRemotes] No remotes found in the git config file
2024-09-05 05:21:51.491 [info] > git config --get commit.template [6ms]
2024-09-05 05:21:51.492 [info] > git for-each-ref --format=%(refname)%00%(upstream:short)%00%(objectname)%00%(upstream:track)%00%(upstream:remotename)%00%(upstream:remoteref) refs/heads/main refs/remotes/main [2ms]
2024-09-05 05:21:51.492 [warning] [Git][getBranch] No such branch: main
2024-09-05 05:21:51.545 [info] > git status -z -uall [49ms]
2024-09-05 05:21:51.604 [info] > git for-each-ref --format=%(refname)%00%(upstream:short)%00%(objectname)%00%(upstream:track)%00%(upstream:remotename)%00%(upstream:remoteref) refs/heads/main refs/remotes/main [42ms]
2024-09-05 05:21:51.604 [warning] [Git][getBranch] No such branch: main
2024-09-05 05:21:56.613 [info] [Git][getRemotes] No remotes found in the git config file
2024-09-05 05:21:56.614 [info] > git config --get commit.template [5ms]
2024-09-05 05:21:56.614 [info] > git for-each-ref --format=%(refname)%00%(upstream:short)%00%(objectname)%00%(upstream:track)%00%(upstream:remotename)%00%(upstream:remoteref) refs/heads/main refs/remotes/main [1ms]
2024-09-05 05:21:56.614 [warning] [Git][getBranch] No such branch: main
2024-09-05 05:21:56.653 [info] > git status -z -uall [35ms]
2024-09-05 05:21:56.704 [info] > git for-each-ref --format=%(refname)%00%(upstream:short)%00%(objectname)%00%(upstream:track)%00%(upstream:remotename)%00%(upstream:remoteref) refs/heads/main refs/remotes/main [36ms]
2024-09-05 05:21:56.705 [warning] [Git][getBranch] No such branch: main
2024-09-05 05:22:01.708 [info] [Git][getRemotes] No remotes found in the git config file
2024-09-05 05:22:01.708 [info] > git config --get commit.template [4ms]
2024-09-05 05:22:01.709 [info] > git for-each-ref --format=%(refname)%00%(upstream:short)%00%(objectname)%00%(upstream:track)%00%(upstream:remotename)%00%(upstream:remoteref) refs/heads/main refs/remotes/main [2ms]
2024-09-05 05:22:01.709 [warning] [Git][getBranch] No such branch: main
2024-09-05 05:22:01.748 [info] > git status -z -uall [36ms]
2024-09-05 05:22:01.797 [info] > git for-each-ref --format=%(refname)%00%(upstream:short)%00%(objectname)%00%(upstream:track)%00%(upstream:remotename)%00%(upstream:remoteref) refs/heads/main refs/remotes/main [37ms]
2024-09-05 05:22:01.797 [warning] [Git][getBranch] No such branch: main
2024-09-05 05:22:06.806 [info] [Git][getRemotes] No remotes found in the git config file
2024-09-05 05:22:06.807 [info] > git config --get commit.template [5ms]
2024-09-05 05:22:06.808 [info] > git for-each-ref --format=%(refname)%00%(upstream:short)%00%(objectname)%00%(upstream:track)%00%(upstream:remotename)%00%(upstream:remoteref) refs/heads/main refs/remotes/main [2ms]
2024-09-05 05:22:06.808 [warning] [Git][getBranch] No such branch: main
2024-09-05 05:22:06.849 [info] > git status -z -uall [38ms]
2024-09-05 05:22:06.907 [info] > git for-each-ref --format=%(refname)%00%(upstream:short)%00%(objectname)%00%(upstream:track)%00%(upstream:remotename)%00%(upstream:remoteref) refs/heads/main refs/remotes/main [46ms]
2024-09-05 05:22:06.907 [warning] [Git][getBranch] No such branch: main
2024-09-05 05:22:13.065 [info] [Git][getRemotes] No remotes found in the git config file
2024-09-05 05:22:13.066 [info] > git config --get commit.template [5ms]
2024-09-05 05:22:13.067 [info] > git for-each-ref --format=%(refname)%00%(upstream:short)%00%(objectname)%00%(upstream:track)%00%(upstream:remotename)%00%(upstream:remoteref) refs/heads/main refs/remotes/main [2ms]
2024-09-05 05:22:13.067 [warning] [Git][getBranch] No such branch: main
2024-09-05 05:22:13.106 [info] > git status -z -uall [36ms]
2024-09-05 05:22:13.159 [info] > git for-each-ref --format=%(refname)%00%(upstream:short)%00%(objectname)%00%(upstream:track)%00%(upstream:remotename)%00%(upstream:remoteref) refs/heads/main refs/remotes/main [38ms]
2024-09-05 05:22:13.159 [warning] [Git][getBranch] No such branch: main
2024-09-05 05:22:18.163 [info] [Git][getRemotes] No remotes found in the git config file
2024-09-05 05:22:18.163 [info] > git config --get commit.template [5ms]
2024-09-05 05:22:18.164 [info] > git for-each-ref --format=%(refname)%00%(upstream:short)%00%(objectname)%00%(upstream:track)%00%(upstream:remotename)%00%(upstream:remoteref) refs/heads/main refs/remotes/main [1ms]
2024-09-05 05:22:18.164 [warning] [Git][getBranch] No such branch: main
2024-09-05 05:22:18.204 [info] > git status -z -uall [36ms]
2024-09-05 05:22:18.255 [info] > git for-each-ref --format=%(refname)%00%(upstream:short)%00%(objectname)%00%(upstream:track)%00%(upstream:remotename)%00%(upstream:remoteref) refs/heads/main refs/remotes/main [39ms]
2024-09-05 05:22:18.255 [warning] [Git][getBranch] No such branch: main
2024-09-05 05:22:23.862 [info] > git config --get commit.template [3ms]
2024-09-05 05:22:23.866 [info] [Git][getRemotes] No remotes found in the git config file
2024-09-05 05:22:23.867 [info] > git for-each-ref --format=%(refname)%00%(upstream:short)%00%(objectname)%00%(upstream:track)%00%(upstream:remotename)%00%(upstream:remoteref) refs/heads/main refs/remotes/main [1ms]
2024-09-05 05:22:23.867 [warning] [Git][getBranch] No such branch: main
2024-09-05 05:22:23.907 [info] > git status -z -uall [36ms]
2024-09-05 05:22:23.956 [info] > git for-each-ref --format=%(refname)%00%(upstream:short)%00%(objectname)%00%(upstream:track)%00%(upstream:remotename)%00%(upstream:remoteref) refs/heads/main refs/remotes/main [37ms]
2024-09-05 05:22:23.956 [warning] [Git][getBranch] No such branch: main
2024-09-05 05:22:28.964 [info] [Git][getRemotes] No remotes found in the git config file
2024-09-05 05:22:28.964 [info] > git config --get commit.template [4ms]
2024-09-05 05:22:28.965 [info] > git for-each-ref --format=%(refname)%00%(upstream:short)%00%(objectname)%00%(upstream:track)%00%(upstream:remotename)%00%(upstream:remoteref) refs/heads/main refs/remotes/main [1ms]
2024-09-05 05:22:28.965 [warning] [Git][getBranch] No such branch: main
2024-09-05 05:22:29.004 [info] > git status -z -uall [36ms]
2024-09-05 05:22:29.054 [info] > git for-each-ref --format=%(refname)%00%(upstream:short)%00%(objectname)%00%(upstream:track)%00%(upstream:remotename)%00%(upstream:remoteref) refs/heads/main refs/remotes/main [35ms]
2024-09-05 05:22:29.054 [warning] [Git][getBranch] No such branch: main
2024-09-05 05:22:34.059 [info] [Git][getRemotes] No remotes found in the git config file
2024-09-05 05:22:34.059 [info] > git config --get commit.template [5ms]
2024-09-05 05:22:34.060 [info] > git for-each-ref --format=%(refname)%00%(upstream:short)%00%(objectname)%00%(upstream:track)%00%(upstream:remotename)%00%(upstream:remoteref) refs/heads/main refs/remotes/main [2ms]
2024-09-05 05:22:34.060 [warning] [Git][getBranch] No such branch: main
2024-09-05 05:22:34.100 [info] > git status -z -uall [36ms]
2024-09-05 05:22:34.150 [info] > git for-each-ref --format=%(refname)%00%(upstream:short)%00%(objectname)%00%(upstream:track)%00%(upstream:remotename)%00%(upstream:remoteref) refs/heads/main refs/remotes/main [37ms]
2024-09-05 05:22:34.151 [warning] [Git][getBranch] No such branch: main
2024-09-05 05:22:39.160 [info] [Git][getRemotes] No remotes found in the git config file
2024-09-05 05:22:39.160 [info] > git config --get commit.template [4ms]
2024-09-05 05:22:39.161 [info] > git for-each-ref --format=%(refname)%00%(upstream:short)%00%(objectname)%00%(upstream:track)%00%(upstream:remotename)%00%(upstream:remoteref) refs/heads/main refs/remotes/main [1ms]
2024-09-05 05:22:39.161 [warning] [Git][getBranch] No such branch: main
2024-09-05 05:22:39.202 [info] > git status -z -uall [38ms]
2024-09-05 05:22:39.255 [info] > git for-each-ref --format=%(refname)%00%(upstream:short)%00%(objectname)%00%(upstream:track)%00%(upstream:remotename)%00%(upstream:remoteref) refs/heads/main refs/remotes/main [40ms]
2024-09-05 05:22:39.255 [warning] [Git][getBranch] No such branch: main
2024-09-05 05:22:44.263 [info] [Git][getRemotes] No remotes found in the git config file
2024-09-05 05:22:44.264 [info] > git config --get commit.template [5ms]
2024-09-05 05:22:44.265 [info] > git for-each-ref --format=%(refname)%00%(upstream:short)%00%(objectname)%00%(upstream:track)%00%(upstream:remotename)%00%(upstream:remoteref) refs/heads/main refs/remotes/main [2ms]
2024-09-05 05:22:44.265 [warning] [Git][getBranch] No such branch: main
2024-09-05 05:22:44.307 [info] > git status -z -uall [38ms]
2024-09-05 05:22:44.365 [info] > git for-each-ref --format=%(refname)%00%(upstream:short)%00%(objectname)%00%(upstream:track)%00%(upstream:remotename)%00%(upstream:remoteref) refs/heads/main refs/remotes/main [40ms]
2024-09-05 05:22:44.365 [warning] [Git][getBranch] No such branch: main
2024-09-05 05:22:49.375 [info] [Git][getRemotes] No remotes found in the git config file
2024-09-05 05:22:49.375 [info] > git config --get commit.template [5ms]
2024-09-05 05:22:49.376 [info] > git for-each-ref --format=%(refname)%00%(upstream:short)%00%(objectname)%00%(upstream:track)%00%(upstream:remotename)%00%(upstream:remoteref) refs/heads/main refs/remotes/main [2ms]
2024-09-05 05:22:49.376 [warning] [Git][getBranch] No such branch: main
2024-09-05 05:22:49.416 [info] > git status -z -uall [37ms]
2024-09-05 05:22:49.467 [info] > git for-each-ref --format=%(refname)%00%(upstream:short)%00%(objectname)%00%(upstream:track)%00%(upstream:remotename)%00%(upstream:remoteref) refs/heads/main refs/remotes/main [36ms]
2024-09-05 05:22:49.467 [warning] [Git][getBranch] No such branch: main
2024-09-05 05:22:54.470 [info] [Git][getRemotes] No remotes found in the git config file
2024-09-05 05:22:54.471 [info] > git config --get commit.template [5ms]
2024-09-05 05:22:54.472 [info] > git for-each-ref --format=%(refname)%00%(upstream:short)%00%(objectname)%00%(upstream:track)%00%(upstream:remotename)%00%(upstream:remoteref) refs/heads/main refs/remotes/main [2ms]
2024-09-05 05:22:54.472 [warning] [Git][getBranch] No such branch: main
2024-09-05 05:22:54.511 [info] > git status -z -uall [35ms]
2024-09-05 05:22:54.561 [info] > git for-each-ref --format=%(refname)%00%(upstream:short)%00%(objectname)%00%(upstream:track)%00%(upstream:remotename)%00%(upstream:remoteref) refs/heads/main refs/remotes/main [38ms]
2024-09-05 05:22:54.562 [warning] [Git][getBranch] No such branch: main
2024-09-05 05:22:59.571 [info] [Git][getRemotes] No remotes found in the git config file
2024-09-05 05:22:59.572 [info] > git config --get commit.template [5ms]
2024-09-05 05:22:59.572 [info] > git for-each-ref --format=%(refname)%00%(upstream:short)%00%(objectname)%00%(upstream:track)%00%(upstream:remotename)%00%(upstream:remoteref) refs/heads/main refs/remotes/main [1ms]
2024-09-05 05:22:59.573 [warning] [Git][getBranch] No such branch: main
2024-09-05 05:22:59.615 [info] > git status -z -uall [39ms]
2024-09-05 05:22:59.665 [info] > git for-each-ref --format=%(refname)%00%(upstream:short)%00%(objectname)%00%(upstream:track)%00%(upstream:remotename)%00%(upstream:remoteref) refs/heads/main refs/remotes/main [38ms]
2024-09-05 05:22:59.665 [warning] [Git][getBranch] No such branch: main
2024-09-05 05:23:04.674 [info] [Git][getRemotes] No remotes found in the git config file
2024-09-05 05:23:04.675 [info] > git config --get commit.template [5ms]
2024-09-05 05:23:04.675 [info] > git for-each-ref --format=%(refname)%00%(upstream:short)%00%(objectname)%00%(upstream:track)%00%(upstream:remotename)%00%(upstream:remoteref) refs/heads/main refs/remotes/main [1ms]
2024-09-05 05:23:04.675 [warning] [Git][getBranch] No such branch: main
2024-09-05 05:23:04.715 [info] > git status -z -uall [36ms]
2024-09-05 05:23:04.770 [info] > git for-each-ref --format=%(refname)%00%(upstream:short)%00%(objectname)%00%(upstream:track)%00%(upstream:remotename)%00%(upstream:remoteref) refs/heads/main refs/remotes/main [38ms]
2024-09-05 05:23:04.770 [warning] [Git][getBranch] No such branch: main
2024-09-05 05:23:09.774 [info] [Git][getRemotes] No remotes found in the git config file
2024-09-05 05:23:09.775 [info] > git config --get commit.template [4ms]
2024-09-05 05:23:09.776 [info] > git for-each-ref --format=%(refname)%00%(upstream:short)%00%(objectname)%00%(upstream:track)%00%(upstream:remotename)%00%(upstream:remoteref) refs/heads/main refs/remotes/main [2ms]
2024-09-05 05:23:09.776 [warning] [Git][getBranch] No such branch: main
2024-09-05 05:23:09.815 [info] > git status -z -uall [36ms]
2024-09-05 05:23:09.862 [info] > git for-each-ref --format=%(refname)%00%(upstream:short)%00%(objectname)%00%(upstream:track)%00%(upstream:remotename)%00%(upstream:remoteref) refs/heads/main refs/remotes/main [35ms]
2024-09-05 05:23:09.863 [warning] [Git][getBranch] No such branch: main
2024-09-05 05:23:38.954 [info] [Git][getRemotes] No remotes found in the git config file
2024-09-05 05:23:38.955 [info] > git config --get commit.template [8ms]
2024-09-05 05:23:38.957 [info] > git for-each-ref --format=%(refname)%00%(upstream:short)%00%(objectname)%00%(upstream:track)%00%(upstream:remotename)%00%(upstream:remoteref) refs/heads/main refs/remotes/main [3ms]
2024-09-05 05:23:38.957 [warning] [Git][getBranch] No such branch: main
2024-09-05 05:23:39.022 [info] > git status -z -uall [60ms]
2024-09-05 05:23:39.119 [info] > git for-each-ref --format=%(refname)%00%(upstream:short)%00%(objectname)%00%(upstream:track)%00%(upstream:remotename)%00%(upstream:remoteref) refs/heads/main refs/remotes/main [60ms]
2024-09-05 05:23:39.120 [warning] [Git][getBranch] No such branch: main
2024-09-05 05:23:44.125 [info] [Git][getRemotes] No remotes found in the git config file
2024-09-05 05:23:44.126 [info] > git config --get commit.template [5ms]
2024-09-05 05:23:44.127 [info] > git for-each-ref --format=%(refname)%00%(upstream:short)%00%(objectname)%00%(upstream:track)%00%(upstream:remotename)%00%(upstream:remoteref) refs/heads/main refs/remotes/main [1ms]
2024-09-05 05:23:44.127 [warning] [Git][getBranch] No such branch: main
2024-09-05 05:23:44.166 [info] > git status -z -uall [36ms]
2024-09-05 05:23:44.217 [info] > git for-each-ref --format=%(refname)%00%(upstream:short)%00%(objectname)%00%(upstream:track)%00%(upstream:remotename)%00%(upstream:remoteref) refs/heads/main refs/remotes/main [36ms]
2024-09-05 05:23:44.217 [warning] [Git][getBranch] No such branch: main
2024-09-05 05:23:53.955 [info] [Git][getRemotes] No remotes found in the git config file
2024-09-05 05:23:53.956 [info] > git config --get commit.template [5ms]
2024-09-05 05:23:53.956 [info] > git for-each-ref --format=%(refname)%00%(upstream:short)%00%(objectname)%00%(upstream:track)%00%(upstream:remotename)%00%(upstream:remoteref) refs/heads/main refs/remotes/main [1ms]
2024-09-05 05:23:53.956 [warning] [Git][getBranch] No such branch: main
2024-09-05 05:23:53.996 [info] > git status -z -uall [36ms]
2024-09-05 05:23:54.047 [info] > git for-each-ref --format=%(refname)%00%(upstream:short)%00%(objectname)%00%(upstream:track)%00%(upstream:remotename)%00%(upstream:remoteref) refs/heads/main refs/remotes/main [33ms]
2024-09-05 05:23:54.047 [warning] [Git][getBranch] No such branch: main
2024-09-05 05:23:59.056 [info] [Git][getRemotes] No remotes found in the git config file
2024-09-05 05:23:59.057 [info] > git config --get commit.template [5ms]
2024-09-05 05:23:59.057 [info] > git for-each-ref --format=%(refname)%00%(upstream:short)%00%(objectname)%00%(upstream:track)%00%(upstream:remotename)%00%(upstream:remoteref) refs/heads/main refs/remotes/main [1ms]
2024-09-05 05:23:59.058 [warning] [Git][getBranch] No such branch: main
2024-09-05 05:23:59.099 [info] > git status -z -uall [38ms]
2024-09-05 05:23:59.154 [info] > git for-each-ref --format=%(refname)%00%(upstream:short)%00%(objectname)%00%(upstream:track)%00%(upstream:remotename)%00%(upstream:remoteref) refs/heads/main refs/remotes/main [42ms]
2024-09-05 05:23:59.154 [warning] [Git][getBranch] No such branch: main
2024-09-05 05:24:07.337 [info] [Git][getRemotes] No remotes found in the git config file
2024-09-05 05:24:07.339 [info] > git config --get commit.template [6ms]
2024-09-05 05:24:07.339 [info] > git for-each-ref --format=%(refname)%00%(upstream:short)%00%(objectname)%00%(upstream:track)%00%(upstream:remotename)%00%(upstream:remoteref) refs/heads/main refs/remotes/main [2ms]
2024-09-05 05:24:07.339 [warning] [Git][getBranch] No such branch: main
2024-09-05 05:24:07.380 [info] > git status -z -uall [36ms]
2024-09-05 05:24:07.434 [info] > git for-each-ref --format=%(refname)%00%(upstream:short)%00%(objectname)%00%(upstream:track)%00%(upstream:remotename)%00%(upstream:remoteref) refs/heads/main refs/remotes/main [37ms]
2024-09-05 05:24:07.434 [warning] [Git][getBranch] No such branch: main
2024-09-05 05:24:13.042 [info] [Git][getRemotes] No remotes found in the git config file
2024-09-05 05:24:13.042 [info] > git config --get commit.template [5ms]
2024-09-05 05:24:13.043 [info] > git for-each-ref --format=%(refname)%00%(upstream:short)%00%(objectname)%00%(upstream:track)%00%(upstream:remotename)%00%(upstream:remoteref) refs/heads/main refs/remotes/main [2ms]
2024-09-05 05:24:13.043 [warning] [Git][getBranch] No such branch: main
2024-09-05 05:24:13.082 [info] > git status -z -uall [36ms]
2024-09-05 05:24:13.133 [info] > git for-each-ref --format=%(refname)%00%(upstream:short)%00%(objectname)%00%(upstream:track)%00%(upstream:remotename)%00%(upstream:remoteref) refs/heads/main refs/remotes/main [35ms]
2024-09-05 05:24:13.133 [warning] [Git][getBranch] No such branch: main
2024-09-05 05:24:23.784 [info] [Git][getRemotes] No remotes found in the git config file
2024-09-05 05:24:23.784 [info] > git config --get commit.template [7ms]
2024-09-05 05:24:23.786 [info] > git for-each-ref --format=%(refname)%00%(upstream:short)%00%(objectname)%00%(upstream:track)%00%(upstream:remotename)%00%(upstream:remoteref) refs/heads/main refs/remotes/main [2ms]
2024-09-05 05:24:23.787 [warning] [Git][getBranch] No such branch: main
2024-09-05 05:24:23.833 [info] > git status -z -uall [41ms]
2024-09-05 05:24:23.883 [info] > git for-each-ref --format=%(refname)%00%(upstream:short)%00%(objectname)%00%(upstream:track)%00%(upstream:remotename)%00%(upstream:remoteref) refs/heads/main refs/remotes/main [37ms]
2024-09-05 05:24:23.883 [warning] [Git][getBranch] No such branch: main
2024-09-05 05:24:28.893 [info] [Git][getRemotes] No remotes found in the git config file
2024-09-05 05:24:28.895 [info] > git config --get commit.template [6ms]
2024-09-05 05:24:28.895 [info] > git for-each-ref --format=%(refname)%00%(upstream:short)%00%(objectname)%00%(upstream:track)%00%(upstream:remotename)%00%(upstream:remoteref) refs/heads/main refs/remotes/main [2ms]
2024-09-05 05:24:28.895 [warning] [Git][getBranch] No such branch: main
2024-09-05 05:24:28.958 [info] > git status -z -uall [59ms]
2024-09-05 05:24:29.016 [info] > git for-each-ref --format=%(refname)%00%(upstream:short)%00%(objectname)%00%(upstream:track)%00%(upstream:remotename)%00%(upstream:remoteref) refs/heads/main refs/remotes/main [39ms]
2024-09-05 05:24:29.016 [warning] [Git][getBranch] No such branch: main
2024-09-05 05:24:34.025 [info] [Git][getRemotes] No remotes found in the git config file
2024-09-05 05:24:34.026 [info] > git config --get commit.template [5ms]
2024-09-05 05:24:34.027 [info] > git for-each-ref --format=%(refname)%00%(upstream:short)%00%(objectname)%00%(upstream:track)%00%(upstream:remotename)%00%(upstream:remoteref) refs/heads/main refs/remotes/main [2ms]
2024-09-05 05:24:34.027 [warning] [Git][getBranch] No such branch: main
2024-09-05 05:24:34.067 [info] > git status -z -uall [36ms]
2024-09-05 05:24:34.123 [info] > git for-each-ref --format=%(refname)%00%(upstream:short)%00%(objectname)%00%(upstream:track)%00%(upstream:remotename)%00%(upstream:remoteref) refs/heads/main refs/remotes/main [39ms]
2024-09-05 05:24:34.123 [warning] [Git][getBranch] No such branch: main
2024-09-05 05:24:39.125 [info] [Git][getRemotes] No remotes found in the git config file
2024-09-05 05:24:39.126 [info] > git config --get commit.template [6ms]
2024-09-05 05:24:39.126 [info] > git for-each-ref --format=%(refname)%00%(upstream:short)%00%(objectname)%00%(upstream:track)%00%(upstream:remotename)%00%(upstream:remoteref) refs/heads/main refs/remotes/main [1ms]
2024-09-05 05:24:39.126 [warning] [Git][getBranch] No such branch: main
2024-09-05 05:24:39.166 [info] > git status -z -uall [36ms]
2024-09-05 05:24:39.214 [info] > git for-each-ref --format=%(refname)%00%(upstream:short)%00%(objectname)%00%(upstream:track)%00%(upstream:remotename)%00%(upstream:remoteref) refs/heads/main refs/remotes/main [35ms]
2024-09-05 05:24:39.215 [warning] [Git][getBranch] No such branch: main
2024-09-05 05:24:44.224 [info] [Git][getRemotes] No remotes found in the git config file
2024-09-05 05:24:44.225 [info] > git config --get commit.template [6ms]
2024-09-05 05:24:44.225 [info] > git for-each-ref --format=%(refname)%00%(upstream:short)%00%(objectname)%00%(upstream:track)%00%(upstream:remotename)%00%(upstream:remoteref) refs/heads/main refs/remotes/main [1ms]
2024-09-05 05:24:44.225 [warning] [Git][getBranch] No such branch: main
2024-09-05 05:24:44.267 [info] > git status -z -uall [38ms]
2024-09-05 05:24:44.318 [info] > git for-each-ref --format=%(refname)%00%(upstream:short)%00%(objectname)%00%(upstream:track)%00%(upstream:remotename)%00%(upstream:remoteref) refs/heads/main refs/remotes/main [39ms]
2024-09-05 05:24:44.318 [warning] [Git][getBranch] No such branch: main
2024-09-05 05:24:49.324 [info] [Git][getRemotes] No remotes found in the git config file
2024-09-05 05:24:49.328 [info] > git config --get commit.template [5ms]
2024-09-05 05:24:49.329 [info] > git for-each-ref --format=%(refname)%00%(upstream:short)%00%(objectname)%00%(upstream:track)%00%(upstream:remotename)%00%(upstream:remoteref) refs/heads/main refs/remotes/main [1ms]
2024-09-05 05:24:49.329 [warning] [Git][getBranch] No such branch: main
2024-09-05 05:24:49.368 [info] > git status -z -uall [35ms]
2024-09-05 05:24:49.420 [info] > git for-each-ref --format=%(refname)%00%(upstream:short)%00%(objectname)%00%(upstream:track)%00%(upstream:remotename)%00%(upstream:remoteref) refs/heads/main refs/remotes/main [37ms]
2024-09-05 05:24:49.420 [warning] [Git][getBranch] No such branch: main
2024-09-05 05:24:55.211 [info] [Git][getRemotes] No remotes found in the git config file
2024-09-05 05:24:55.212 [info] > git config --get commit.template [5ms]
2024-09-05 05:24:55.212 [info] > git for-each-ref --format=%(refname)%00%(upstream:short)%00%(objectname)%00%(upstream:track)%00%(upstream:remotename)%00%(upstream:remoteref) refs/heads/main refs/remotes/main [1ms]
2024-09-05 05:24:55.212 [warning] [Git][getBranch] No such branch: main
2024-09-05 05:24:55.251 [info] > git status -z -uall [35ms]
2024-09-05 05:24:55.301 [info] > git for-each-ref --format=%(refname)%00%(upstream:short)%00%(objectname)%00%(upstream:track)%00%(upstream:remotename)%00%(upstream:remoteref) refs/heads/main refs/remotes/main [37ms]
2024-09-05 05:24:55.301 [warning] [Git][getBranch] No such branch: main
2024-09-05 05:25:00.310 [info] [Git][getRemotes] No remotes found in the git config file
2024-09-05 05:25:00.311 [info] > git config --get commit.template [5ms]
2024-09-05 05:25:00.311 [info] > git for-each-ref --format=%(refname)%00%(upstream:short)%00%(objectname)%00%(upstream:track)%00%(upstream:remotename)%00%(upstream:remoteref) refs/heads/main refs/remotes/main [1ms]
2024-09-05 05:25:00.312 [warning] [Git][getBranch] No such branch: main
2024-09-05 05:25:00.362 [info] > git status -z -uall [47ms]
2024-09-05 05:25:00.470 [info] > git for-each-ref --format=%(refname)%00%(upstream:short)%00%(objectname)%00%(upstream:track)%00%(upstream:remotename)%00%(upstream:remoteref) refs/heads/main refs/remotes/main [81ms]
2024-09-05 05:25:00.470 [warning] [Git][getBranch] No such branch: main
2024-09-05 05:25:06.071 [info] > git config --get commit.template [3ms]
2024-09-05 05:25:06.076 [info] [Git][getRemotes] No remotes found in the git config file
2024-09-05 05:25:06.077 [info] > git for-each-ref --format=%(refname)%00%(upstream:short)%00%(objectname)%00%(upstream:track)%00%(upstream:remotename)%00%(upstream:remoteref) refs/heads/main refs/remotes/main [2ms]
2024-09-05 05:25:06.077 [warning] [Git][getBranch] No such branch: main
2024-09-05 05:25:06.118 [info] > git status -z -uall [37ms]
2024-09-05 05:25:06.171 [info] > git for-each-ref --format=%(refname)%00%(upstream:short)%00%(objectname)%00%(upstream:track)%00%(upstream:remotename)%00%(upstream:remoteref) refs/heads/main refs/remotes/main [36ms]
2024-09-05 05:25:06.172 [warning] [Git][getBranch] No such branch: main
2024-09-05 05:25:11.182 [info] [Git][getRemotes] No remotes found in the git config file
2024-09-05 05:25:11.182 [info] > git config --get commit.template [5ms]
2024-09-05 05:25:11.183 [info] > git for-each-ref --format=%(refname)%00%(upstream:short)%00%(objectname)%00%(upstream:track)%00%(upstream:remotename)%00%(upstream:remoteref) refs/heads/main refs/remotes/main [1ms]
2024-09-05 05:25:11.183 [warning] [Git][getBranch] No such branch: main
2024-09-05 05:25:11.223 [info] > git status -z -uall [35ms]
2024-09-05 05:25:11.276 [info] > git for-each-ref --format=%(refname)%00%(upstream:short)%00%(objectname)%00%(upstream:track)%00%(upstream:remotename)%00%(upstream:remoteref) refs/heads/main refs/remotes/main [36ms]
2024-09-05 05:25:11.276 [warning] [Git][getBranch] No such branch: main
2024-09-05 05:25:38.193 [info] [Git][getRemotes] No remotes found in the git config file
2024-09-05 05:25:38.193 [info] > git config --get commit.template [4ms]
2024-09-05 05:25:38.194 [info] > git for-each-ref --format=%(refname)%00%(upstream:short)%00%(objectname)%00%(upstream:track)%00%(upstream:remotename)%00%(upstream:remoteref) refs/heads/main refs/remotes/main [1ms]
2024-09-05 05:25:38.194 [warning] [Git][getBranch] No such branch: main
2024-09-05 05:25:38.233 [info] > git status -z -uall [36ms]
2024-09-05 05:25:38.307 [info] > git for-each-ref --format=%(refname)%00%(upstream:short)%00%(objectname)%00%(upstream:track)%00%(upstream:remotename)%00%(upstream:remoteref) refs/heads/main refs/remotes/main [51ms]
2024-09-05 05:25:38.307 [warning] [Git][getBranch] No such branch: main
2024-09-05 05:25:43.316 [info] > git config --get commit.template [4ms]
2024-09-05 05:25:43.318 [info] > git for-each-ref --format=%(refname)%00%(upstream:short)%00%(objectname)%00%(upstream:track)%00%(upstream:remotename)%00%(upstream:remoteref) refs/heads/main refs/remotes/main [2ms]
2024-09-05 05:25:43.318 [warning] [Git][getBranch] No such branch: main
2024-09-05 05:25:43.362 [info] > git status -z -uall [39ms]
2024-09-05 05:25:43.417 [info] > git for-each-ref --format=%(refname)%00%(upstream:short)%00%(objectname)%00%(upstream:track)%00%(upstream:remotename)%00%(upstream:remoteref) refs/heads/main refs/remotes/main [40ms]
2024-09-05 05:25:43.417 [warning] [Git][getBranch] No such branch: main
2024-09-05 05:25:44.255 [info] > git config --local branch.main.github-pr-owner-number [102ms]
2024-09-05 05:25:44.255 [warning] [Git][config] git config failed: Failed to execute git
2024-09-05 05:25:44.262 [info] > git config --local branch.main.remote [2ms]
2024-09-05 05:25:44.262 [warning] [Git][config] git config failed: Failed to execute git
2024-09-05 05:25:44.276 [info] > git config --local branch.main.merge [11ms]
2024-09-05 05:25:44.277 [warning] [Git][config] git config failed: Failed to execute git
2024-09-05 05:25:48.421 [info] > git config --get commit.template [4ms]
2024-09-05 05:25:48.422 [info] > git for-each-ref --format=%(refname)%00%(upstream:short)%00%(objectname)%00%(upstream:track)%00%(upstream:remotename)%00%(upstream:remoteref) refs/heads/main refs/remotes/main [1ms]
2024-09-05 05:25:48.422 [warning] [Git][getBranch] No such branch: main
2024-09-05 05:25:48.461 [info] > git status -z -uall [35ms]
2024-09-05 05:25:48.512 [info] > git for-each-ref --format=%(refname)%00%(upstream:short)%00%(objectname)%00%(upstream:track)%00%(upstream:remotename)%00%(upstream:remoteref) refs/heads/main refs/remotes/main [35ms]
2024-09-05 05:25:48.512 [warning] [Git][getBranch] No such branch: main
2024-09-05 05:25:53.516 [info] > git config --get commit.template [4ms]
2024-09-05 05:25:53.517 [info] > git for-each-ref --format=%(refname)%00%(upstream:short)%00%(objectname)%00%(upstream:track)%00%(upstream:remotename)%00%(upstream:remoteref) refs/heads/main refs/remotes/main [1ms]
2024-09-05 05:25:53.517 [warning] [Git][getBranch] No such branch: main
2024-09-05 05:25:53.558 [info] > git status -z -uall [36ms]
2024-09-05 05:25:53.611 [info] > git for-each-ref --format=%(refname)%00%(upstream:short)%00%(objectname)%00%(upstream:track)%00%(upstream:remotename)%00%(upstream:remoteref) refs/heads/main refs/remotes/main [39ms]
2024-09-05 05:25:53.611 [warning] [Git][getBranch] No such branch: main
2024-09-05 05:26:00.783 [info] > git config --get commit.template [5ms]
2024-09-05 05:26:00.784 [info] > git for-each-ref --format=%(refname)%00%(upstream:short)%00%(objectname)%00%(upstream:track)%00%(upstream:remotename)%00%(upstream:remoteref) refs/heads/main refs/remotes/main [1ms]
2024-09-05 05:26:00.784 [warning] [Git][getBranch] No such branch: main
2024-09-05 05:26:00.835 [info] > git status -z -uall [46ms]
2024-09-05 05:26:00.890 [info] > git for-each-ref --format=%(refname)%00%(upstream:short)%00%(objectname)%00%(upstream:track)%00%(upstream:remotename)%00%(upstream:remoteref) refs/heads/main refs/remotes/main [40ms]
2024-09-05 05:26:00.890 [warning] [Git][getBranch] No such branch: main
2024-09-05 05:26:08.531 [info] > git config --get commit.template [6ms]
2024-09-05 05:26:08.538 [info] > git for-each-ref --format=%(refname)%00%(upstream:short)%00%(objectname)%00%(upstream:track)%00%(upstream:remotename)%00%(upstream:remoteref) refs/heads/main refs/remotes/main [7ms]
2024-09-05 05:26:08.538 [warning] [Git][getBranch] No such branch: main
2024-09-05 05:26:08.578 [info] > git status -z -uall [36ms]
2024-09-05 05:26:08.633 [info] > git for-each-ref --format=%(refname)%00%(upstream:short)%00%(objectname)%00%(upstream:track)%00%(upstream:remotename)%00%(upstream:remoteref) refs/heads/main refs/remotes/main [38ms]
2024-09-05 05:26:08.634 [warning] [Git][getBranch] No such branch: main
2024-09-05 05:26:10.072 [info] > git config --local branch.master.github-pr-owner-number [5ms]
2024-09-05 05:26:10.072 [warning] [Git][config] git config failed: Failed to execute git
2024-09-05 05:26:10.081 [info] > git config --local branch.main.github-pr-owner-number [5ms]
2024-09-05 05:26:10.082 [warning] [Git][config] git config failed: Failed to execute git
2024-09-05 05:26:10.082 [info] > git config --local branch.main.github-pr-owner-number [11ms]
2024-09-05 05:26:10.082 [warning] [Git][config] git config failed: Failed to execute git
2024-09-05 05:26:10.083 [info] > git config --local branch.main.github-pr-owner-number [2ms]
2024-09-05 05:26:10.083 [warning] [Git][config] git config failed: Failed to execute git
2024-09-05 05:26:21.425 [info] > git config --get commit.template [4ms]
2024-09-05 05:26:21.426 [info] > git for-each-ref --format=%(refname)%00%(upstream:short)%00%(objectname)%00%(upstream:track)%00%(upstream:remotename)%00%(upstream:remoteref) refs/heads/main refs/remotes/main [1ms]
2024-09-05 05:26:21.426 [warning] [Git][getBranch] No such branch: main
2024-09-05 05:26:21.468 [info] > git status -z -uall [38ms]
2024-09-05 05:26:21.519 [info] > git for-each-ref --format=%(refname)%00%(upstream:short)%00%(objectname)%00%(upstream:track)%00%(upstream:remotename)%00%(upstream:remoteref) refs/heads/main refs/remotes/main [38ms]
2024-09-05 05:26:21.519 [warning] [Git][getBranch] No such branch: main
2024-09-05 05:26:26.528 [info] > git config --get commit.template [4ms]
2024-09-05 05:26:26.529 [info] > git for-each-ref --format=%(refname)%00%(upstream:short)%00%(objectname)%00%(upstream:track)%00%(upstream:remotename)%00%(upstream:remoteref) refs/heads/main refs/remotes/main [1ms]
2024-09-05 05:26:26.529 [warning] [Git][getBranch] No such branch: main
2024-09-05 05:26:26.569 [info] > git status -z -uall [36ms]
2024-09-05 05:26:26.621 [info] > git for-each-ref --format=%(refname)%00%(upstream:short)%00%(objectname)%00%(upstream:track)%00%(upstream:remotename)%00%(upstream:remoteref) refs/heads/main refs/remotes/main [36ms]
2024-09-05 05:26:26.621 [warning] [Git][getBranch] No such branch: main
2024-09-05 05:26:31.624 [info] > git config --get commit.template [4ms]
2024-09-05 05:26:31.625 [info] > git for-each-ref --format=%(refname)%00%(upstream:short)%00%(objectname)%00%(upstream:track)%00%(upstream:remotename)%00%(upstream:remoteref) refs/heads/main refs/remotes/main [1ms]
2024-09-05 05:26:31.625 [warning] [Git][getBranch] No such branch: main
2024-09-05 05:26:31.665 [info] > git status -z -uall [36ms]
2024-09-05 05:26:31.716 [info] > git for-each-ref --format=%(refname)%00%(upstream:short)%00%(objectname)%00%(upstream:track)%00%(upstream:remotename)%00%(upstream:remoteref) refs/heads/main refs/remotes/main [38ms]
2024-09-05 05:26:31.716 [warning] [Git][getBranch] No such branch: main
2024-09-05 05:26:37.546 [info] > git config --get commit.template [5ms]
2024-09-05 05:26:37.546 [info] > git for-each-ref --format=%(refname)%00%(upstream:short)%00%(objectname)%00%(upstream:track)%00%(upstream:remotename)%00%(upstream:remoteref) refs/heads/main refs/remotes/main [1ms]
2024-09-05 05:26:37.546 [warning] [Git][getBranch] No such branch: main
2024-09-05 05:26:37.586 [info] > git status -z -uall [36ms]
2024-09-05 05:26:37.639 [info] > git for-each-ref --format=%(refname)%00%(upstream:short)%00%(objectname)%00%(upstream:track)%00%(upstream:remotename)%00%(upstream:remoteref) refs/heads/main refs/remotes/main [40ms]
2024-09-05 05:26:37.639 [warning] [Git][getBranch] No such branch: main
2024-09-05 05:26:42.649 [info] > git config --get commit.template [5ms]
2024-09-05 05:26:42.650 [info] > git for-each-ref --format=%(refname)%00%(upstream:short)%00%(objectname)%00%(upstream:track)%00%(upstream:remotename)%00%(upstream:remoteref) refs/heads/main refs/remotes/main [1ms]
2024-09-05 05:26:42.650 [warning] [Git][getBranch] No such branch: main
2024-09-05 05:26:42.690 [info] > git status -z -uall [36ms]
2024-09-05 05:26:42.744 [info] > git for-each-ref --format=%(refname)%00%(upstream:short)%00%(objectname)%00%(upstream:track)%00%(upstream:remotename)%00%(upstream:remoteref) refs/heads/main refs/remotes/main [38ms]
2024-09-05 05:26:42.744 [warning] [Git][getBranch] No such branch: main
2024-09-05 05:26:47.746 [info] > git config --get commit.template [4ms]
2024-09-05 05:26:47.748 [info] > git for-each-ref --format=%(refname)%00%(upstream:short)%00%(objectname)%00%(upstream:track)%00%(upstream:remotename)%00%(upstream:remoteref) refs/heads/main refs/remotes/main [1ms]
2024-09-05 05:26:47.748 [warning] [Git][getBranch] No such branch: main
2024-09-05 05:26:47.817 [info] > git status -z -uall [65ms]
2024-09-05 05:26:47.918 [info] > git for-each-ref --format=%(refname)%00%(upstream:short)%00%(objectname)%00%(upstream:track)%00%(upstream:remotename)%00%(upstream:remoteref) refs/heads/main refs/remotes/main [77ms]
2024-09-05 05:26:47.919 [warning] [Git][getBranch] No such branch: main
