2024-09-05 05:16:00.772 [info] Reading sessions from keychain...
2024-09-05 05:16:00.772 [info] Getting sessions for all scopes...
2024-09-05 05:16:00.772 [info] Getting sessions for user:email...
2024-09-05 05:16:00.772 [info] Got stored sessions!
2024-09-05 05:16:00.772 [info] Got 6 verified sessions.
2024-09-05 05:16:00.772 [info] Got 6 sessions for ...
2024-09-05 05:16:00.772 [info] Got 1 sessions for user:email...
2024-09-05 05:16:00.851 [info] Getting sessions for codespace,read:user,repo,user:email...
2024-09-05 05:16:00.851 [info] Got 1 sessions for codespace,read:user,repo,user:email...
2024-09-05 05:16:00.855 [info] Getting sessions for all scopes...
2024-09-05 05:16:00.855 [info] Got 6 sessions for ...
2024-09-05 05:16:00.949 [info] Getting sessions for all scopes...
2024-09-05 05:16:00.949 [info] Got 6 sessions for ...
2024-09-05 05:16:01.577 [info] Getting sessions for all scopes...
2024-09-05 05:16:01.577 [info] Got 6 sessions for ...
2024-09-05 05:16:02.513 [info] Getting sessions for all scopes...
2024-09-05 05:16:02.517 [info] Got 6 sessions for ...
2024-09-05 05:16:03.527 [info] Getting sessions for all scopes...
2024-09-05 05:16:03.529 [info] Got 6 sessions for ...
2024-09-05 05:16:03.664 [info] Getting sessions for all scopes...
2024-09-05 05:16:03.664 [info] Got 6 sessions for ...
2024-09-05 05:16:04.399 [info] Getting sessions for project,read:org,read:user,repo,user:email,workflow...
2024-09-05 05:16:04.399 [info] Got 0 sessions for project,read:org,read:user,repo,user:email,workflow...
2024-09-05 05:16:08.616 [info] Getting sessions for read:user,repo,user:email,workflow...
2024-09-05 05:16:08.616 [info] Got 1 sessions for read:user,repo,user:email,workflow...
2024-09-05 05:16:09.900 [info] Getting sessions for read:user,repo,user:email,workflow...
2024-09-05 05:16:09.900 [info] Got 1 sessions for read:user,repo,user:email,workflow...
2024-09-05 05:16:29.693 [info] Getting sessions for read:user,repo,user:email,workflow...
2024-09-05 05:16:29.693 [info] Got 1 sessions for read:user,repo,user:email,workflow...
2024-09-05 05:16:29.806 [info] Getting sessions for all scopes...
2024-09-05 05:16:29.806 [info] Getting sessions for all scopes...
2024-09-05 05:16:29.807 [info] Getting sessions for all scopes...
2024-09-05 05:16:29.807 [info] Got 6 sessions for ...
2024-09-05 05:16:29.807 [info] Got 6 sessions for ...
2024-09-05 05:16:29.807 [info] Got 6 sessions for ...
2024-09-05 05:16:35.395 [info] Getting sessions for read:user,repo,user:email,workflow...
2024-09-05 05:16:35.395 [info] Got 1 sessions for read:user,repo,user:email,workflow...
2024-09-05 05:16:37.363 [info] Getting sessions for all scopes...
2024-09-05 05:16:37.363 [info] Got 6 sessions for ...
2024-09-05 05:16:37.631 [info] Getting sessions for read:user,repo,user:email,workflow...
2024-09-05 05:16:37.631 [info] Got 1 sessions for read:user,repo,user:email,workflow...
